<?xml version="1.0" encoding="UTF-8"?>
<!-- Generated by org.testng.reporters.JUnitReportReporter -->
<testsuite skipped="0" hostname="Sony-VAIO" name="test.Test_login" tests="1" failures="0" timestamp="17 Aug 2018 14:38:39 GMT" time="19.879" errors="0">
  <testcase name="open" time="19.879" classname="test.Test_login"/>
</testsuite> <!-- test.Test_login -->
